[2016.03.24-17.03.57:154][  0]Log file open, 03/24/16 11:03:57
[2016.03.24-17.03.57:154][  0]LogInit:Display: Running engine for game: Noirthulhu
[2016.03.24-17.03.57:154][  0]LogPlatformFile: Not using cached read wrapper
[2016.03.24-17.03.57:154][  0]LogInit:Display: RandInit(-556230932) SRandInit(-556230930).
[2016.03.24-17.03.57:154][  0]LogTaskGraph: Started task graph with 4 named threads and 7 total threads.
[2016.03.24-17.03.57:154][  0]LogStats: Stats thread started at 0.098683
[2016.03.24-17.03.57:154][  0]LogInit: Version: 4.10.4-2872498+++depot+UE4-Releases+4.10
[2016.03.24-17.03.57:154][  0]LogInit: API Version: 2758231
[2016.03.24-17.03.57:154][  0]LogInit: Compiled (64-bit): Feb 18 2016 15:47:04
[2016.03.24-17.03.57:154][  0]LogInit: Compiled with Visual C++: 19.00.23026.00
[2016.03.24-17.03.57:154][  0]LogInit: Build Configuration: Development
[2016.03.24-17.03.57:154][  0]LogInit: Branch Name: ++depot+UE4-Releases+4.10
[2016.03.24-17.03.57:154][  0]LogInit: Command line: -EpicPortal 
[2016.03.24-17.03.57:154][  0]LogInit: Base directory: C:/Program Files/Epic Games/4.10/Engine/Binaries/Win64/
[2016.03.24-17.03.57:154][  0]LogInit: Rocket: 1
[2016.03.24-17.03.57:177][  0]LogInit: Using libcurl 7.41.0
[2016.03.24-17.03.57:177][  0]LogInit:  - built for x86_64-pc-win32
[2016.03.24-17.03.57:177][  0]LogInit:  - supports SSL with WinSSL
[2016.03.24-17.03.57:177][  0]LogInit:  - other features:
[2016.03.24-17.03.57:177][  0]LogInit:      CURL_VERSION_SSL
[2016.03.24-17.03.57:177][  0]LogInit:      CURL_VERSION_IPV6
[2016.03.24-17.03.57:177][  0]LogInit:      CURL_VERSION_ASYNCHDNS
[2016.03.24-17.03.57:177][  0]LogInit:      CURL_VERSION_LARGEFILE
[2016.03.24-17.03.57:177][  0]LogInit:      CURL_VERSION_IDN
[2016.03.24-17.03.57:177][  0]LogInit:  CurlRequestOptions (configurable via config and command line):
[2016.03.24-17.03.57:177][  0]LogInit:  - bVerifyPeer = true  - Libcurl will verify peer certificate
[2016.03.24-17.03.57:177][  0]LogInit:  - bUseHttpProxy = false  - Libcurl will NOT use HTTP proxy
[2016.03.24-17.03.57:177][  0]LogInit:  - bDontReuseConnections = false  - Libcurl will reuse connections
[2016.03.24-17.03.57:177][  0]LogInit:  - CertBundlePath = nullptr  - Libcurl will use whatever was configured at build time.
[2016.03.24-17.03.57:196][  0]LogInit: Presizing for 0 objects not considered by GC, pre-allocating 0 bytes.
[2016.03.24-17.03.57:208][  0]LogInit: Object subsystem initialized
[2016.03.24-17.03.57:209][  0]LogInit: Selected Device Profile: [Windows]
[2016.03.24-17.03.57:209][  0]LogInit: Applying CVar settings loaded from the selected device profile: [Windows]
[2016.03.24-17.03.57:221][  0]LogInit: Computer: SEAN-DESKTOP
[2016.03.24-17.03.57:221][  0]LogInit: User: Sean
[2016.03.24-17.03.57:221][  0]LogInit: CPU Page size=4096, Cores=4
[2016.03.24-17.03.57:221][  0]LogInit: High frequency timer resolution =3.001600 MHz
[2016.03.24-17.03.57:221][  0]LogMemory: Memory total: Physical=12.0GB (12GB approx)
[2016.03.24-17.03.57:221][  0]LogMemory: Platform Memory Stats for Windows
[2016.03.24-17.03.57:221][  0]LogMemory: Process Physical Memory: 56.08 MB used, 56.08 MB peak
[2016.03.24-17.03.57:221][  0]LogMemory: Process Virtual Memory: 58.71 MB used, 58.71 MB peak
[2016.03.24-17.03.57:221][  0]LogMemory: Physical Memory: 5844.88 MB used, 12279.11 MB total
[2016.03.24-17.03.57:221][  0]LogMemory: Virtual Memory: 385.80 MB used, 134217728.00 MB total
[2016.03.24-17.03.57:277][  0]LogTextLocalizationManager: No specific translations for ('en-US') exist, so ('en') translations will be used.
[2016.03.24-17.03.57:853][  0]LogD3D11RHI: Found D3D11 adapter 0: NVIDIA GeForce GTX 960 (Feature Level 11_0)
[2016.03.24-17.03.57:853][  0]LogD3D11RHI: Adapter has 4010MB of dedicated video memory, 0MB of dedicated system memory, and 6139MB of shared system memory, 2 output[s]
[2016.03.24-17.03.57:854][  0]LogD3D11RHI: Found D3D11 adapter 1: Microsoft Basic Render Driver (Feature Level 11_0)
[2016.03.24-17.03.57:854][  0]LogD3D11RHI: Adapter has 0MB of dedicated video memory, 0MB of dedicated system memory, and 6139MB of shared system memory, 0 output[s]
[2016.03.24-17.03.57:855][  0]LogD3D11RHI: Chosen D3D11 Adapter Id = 0
[2016.03.24-17.03.57:859][  0]LogD3D11RHI: !Direct3DDevice
[2016.03.24-17.03.57:859][  0]LogRHI: Texture pool is 1361 MB (70% of 1945 MB)
[2016.03.24-17.03.57:875][  0]LogD3D11RHI: Async texture creation enabled
[2016.03.24-17.03.57:891][  0]LogShaderCompilers: Guid format shader working directory is -21 characters bigger than the processId version (../../../../../../Users/Sean/Documents/Unreal Projects/Noirthulhu/Intermediate/Shaders/WorkingDirectory/10488/).
[2016.03.24-17.03.57:891][  0]LogShaderCompilers: Cleaned the shader compiler working directory 'C:/Users/Sean/AppData/Local/Temp/UnrealShaderWorkingDir/9814A5AE455C601995E445A5528CBA0E/'.
[2016.03.24-17.03.57:891][  0]LogShaderCompilers:Display: Using Local Shader Compiler.
[2016.03.24-17.03.58:929][  0]LogTemp:Display: Loaded TP AllDesktopTargetPlatform
[2016.03.24-17.03.58:938][  0]LogTemp:Display: Loaded TP WindowsClientTargetPlatform
[2016.03.24-17.03.58:949][  0]LogTemp:Display: Loaded TP WindowsNoEditorTargetPlatform
[2016.03.24-17.03.58:959][  0]LogTemp:Display: Loaded TP WindowsServerTargetPlatform
[2016.03.24-17.03.58:968][  0]LogTemp:Display: Loaded TP WindowsTargetPlatform
[2016.03.24-17.03.58:973][  0]LogTemp:Display: Loaded TP AndroidTargetPlatform
[2016.03.24-17.03.58:977][  0]LogTemp:Display: Loaded TP Android_ASTCTargetPlatform
[2016.03.24-17.03.58:981][  0]LogTemp:Display: Loaded TP Android_ATCTargetPlatform
[2016.03.24-17.03.58:985][  0]LogTemp:Display: Loaded TP Android_DXTTargetPlatform
[2016.03.24-17.03.58:989][  0]LogTemp:Display: Loaded TP Android_ETC1TargetPlatform
[2016.03.24-17.03.58:993][  0]LogTemp:Display: Loaded TP Android_ETC2TargetPlatform
[2016.03.24-17.03.59:001][  0]LogTemp:Display: Loaded TP Android_MultiTargetPlatform
[2016.03.24-17.03.59:001][  0]LogTemp:Display: Loaded TP Android_PVRTCTargetPlatform
[2016.03.24-17.03.59:003][  0]LogTemp:Display: Loaded TP HTML5TargetPlatform
[2016.03.24-17.03.59:023][  0]LogTemp:Display: Loaded TP IOSTargetPlatform
[2016.03.24-17.03.59:027][  0]LogTemp:Display: Loaded TP LinuxNoEditorTargetPlatform
[2016.03.24-17.03.59:031][  0]LogTemp:Display: Loaded TP LinuxServerTargetPlatform
[2016.03.24-17.03.59:037][  0]LogTemp:Display: Loaded TP LinuxTargetPlatform
[2016.03.24-17.03.59:037][  0]LogTargetPlatformManager:Display: Building Assets For Windows
[2016.03.24-17.03.59:196][  0]LogDerivedDataCache:Display: Max Cache Size: 512 MB
[2016.03.24-17.03.59:265][  0]LogDerivedDataCache: Loaded boot cache 0.07s 54MB C:/Users/Sean/AppData/Local/UnrealEngine/4.10/DerivedDataCache/Boot.ddc.
[2016.03.24-17.03.59:265][  0]LogDerivedDataCache:Display: Loaded Boot cache: C:/Users/Sean/AppData/Local/UnrealEngine/4.10/DerivedDataCache/Boot.ddc
[2016.03.24-17.03.59:265][  0]LogDerivedDataCache: FDerivedDataBackendGraph:  Pak pak cache file ../../../../../../Users/Sean/Documents/Unreal Projects/Noirthulhu/DerivedDataCache/DDC.ddp not found, will not use a pak cache.
[2016.03.24-17.03.59:265][  0]LogDerivedDataCache: Unable to find inner node Pak for hierarchical cache Hierarchy.
[2016.03.24-17.03.59:265][  0]LogDerivedDataCache: FDerivedDataBackendGraph:  CompressedPak pak cache file ../../../../../../Users/Sean/Documents/Unreal Projects/Noirthulhu/DerivedDataCache/Compressed.ddp not found, will not use a pak cache.
[2016.03.24-17.03.59:265][  0]LogDerivedDataCache: Unable to find inner node CompressedPak for hierarchical cache Hierarchy.
[2016.03.24-17.03.59:340][  0]LogDerivedDataCache:Display: Pak cache opened for reading ../../../Engine/DerivedDataCache/Compressed.ddp.
[2016.03.24-17.03.59:352][  0]LogDerivedDataCache: Using Local data cache path C:/Users/Sean/AppData/Local/UnrealEngine/Common/DerivedDataCache: Writable
[2016.03.24-17.03.59:654][  0]LogInit: Selected Device Profile: [Windows]
[2016.03.24-17.03.59:658][  0]LogContentStreaming: Texture pool size is 0.000000MB
[2016.03.24-17.03.59:814][  0]LogMeshUtilities: No automatic mesh reduction module available
[2016.03.24-17.03.59:814][  0]LogMeshUtilities: No automatic mesh merging module available
[2016.03.24-17.04.00:110][  0]LogInit: WinSock: version 1.1 (2.2), MaxSocks=32767, MaxUdp=65467
[2016.03.24-17.04.01:418][  0]UdpMessaging: Initializing bridge on interface 0.0.0.0:0 to multicast group 230.0.0.1:6666.
[2016.03.24-17.04.01:540][  0]LogAssetRegistry: FAssetRegistry took 0.0111 seconds to start up
[2016.03.24-17.04.01:795][  0]SourceControl: Info Source control is disabled
[2016.03.24-17.04.01:796][  0]SourceControl: Info Source control is disabled
[2016.03.24-17.04.01:821][  0]SourceControl: Info Source control is disabled
[2016.03.24-17.04.01:844][  0]SourceControl: Info Source control is disabled
[2016.03.24-17.04.02:333][  0]LogObj: 28633 objects as part of root set at end of initial load.
[2016.03.24-17.04.02:333][  0]LogUObjectAllocator: 6099752 out of 0 bytes used by permanent object pool.
[2016.03.24-17.04.02:403][  0]LogEngine: Initializing Engine...
[2016.03.24-17.04.02:409][  0]LogHMD: Can't find Oculus library dev build: is proper Runtime installed? Version: 0.8.0.0
[2016.03.24-17.04.02:410][  0]LogHMD: SteamVR failed to initialize.  Err: 110
[2016.03.24-17.04.02:556][  0]LogAIModule: Creating AISystem for world NewWorld
[2016.03.24-17.04.02:577][  0]LogInit: XAudio2 using 'Speakers (High Definition Audio Device)' : 2 channels at 44.1 kHz using 16 bits per sample (channel mask 0x3)
[2016.03.24-17.04.02:590][  0]LogInit: FAudioDevice initialized.
[2016.03.24-17.04.02:686][  0]LogDerivedDataCache: Saved boot cache 0.10s 54MB C:/Users/Sean/AppData/Local/UnrealEngine/4.10/DerivedDataCache/Boot.ddc.
[2016.03.24-17.04.02:694][  0]LogInit: Texture streaming: Enabled
[2016.03.24-17.04.02:704][  0]LogAnalytics: Creating configured Analytics provider AnalyticsET
[2016.03.24-17.04.02:704][  0]LogAnalytics: [UEEditor.Rocket.Release] APIServer = http://et2.epicgames.com/ET2/. AppVersion = 4.10.4-2872498+++depot+UE4-Releases+4.10
[2016.03.24-17.04.02:704][  0]LogAnalytics: [UEEditor.Rocket.Release] SetUserId fa6a5d4549fde11ca8bf1690d3a29d47|7badbfd2908842688c0a3a623d6ed982|f292143e-8cf5-4186-80d3-902cda58931f
[2016.03.24-17.04.02:704][  0]LogAnalytics: [UEEditor.Rocket.Release] AnalyticsET::StartSession
[2016.03.24-17.04.02:715][  0]LogInit: Transaction tracking system initialized
[2016.03.24-17.04.02:762][  0]BlueprintLog: New page: Editor Load
[2016.03.24-17.04.02:901][  0]LocalizationService: Info Localization service is disabled
[2016.03.24-17.04.03:031][  0]LogConsoleResponse:Display: 
[2016.03.24-17.04.03:178][  0]LogCook:Display: Done creating registry. It took  0.00s.
[2016.03.24-17.04.03:284][  0]LogFileCache: Scanning file cache for directory 'C:/Users/Sean/Documents/Unreal Projects/Noirthulhu/Content/' took 0.02s
[2016.03.24-17.04.03:284][  0]SourceControl: Info Source control is disabled
[2016.03.24-17.04.03:284][  0]Cmd: MAP LOAD FILE="../../../../../../Users/Sean/Documents/Unreal Projects/Noirthulhu/Content/TopDownBP/Maps/TopDownExampleMap.umap" TEMPLATE=0 SHOWPROGRESS=1 FEATURELEVEL=3
[2016.03.24-17.04.03:296][  0]LightingResults: New page: Lighting Build
[2016.03.24-17.04.03:301][  0]MapCheck: New page: Map Check
[2016.03.24-17.04.03:301][  0]LightingResults: New page: Lighting Build
[2016.03.24-17.04.03:314][  0]LogParticles: Destroying 0 GPU particle simulations for FXSystem 0x000001598E2A2AC0
[2016.03.24-17.04.04:930][  0]LogAIModule: Creating AISystem for world TopDownExampleMap
[2016.03.24-17.04.04:943][  0]LogEditorServer: Finished looking for orphan Actors (0.000 secs)
[2016.03.24-17.04.04:945][  0]Cmd: MAP CHECKDEP NOCLEARLOG
[2016.03.24-17.04.05:074][  0]MapCheck: Info Map check complete: 0 Error(s), 0 Warning(s), took 128.687ms to complete.
[2016.03.24-17.04.05:074][  0]LogFileHelpers: Loading map 'TopDownExampleMap' took 1.789
[2016.03.24-17.04.05:399][  0]LogCollectionManager: Loaded 0 collections in 0.005819 seconds
[2016.03.24-17.04.05:446][  0]LogFileCache: Scanning file cache for directory 'C:/Users/Sean/Documents/Unreal Projects/Noirthulhu/Saved/Collections/' took 0.01s
[2016.03.24-17.04.05:446][  0]LogFileCache: Scanning file cache for directory 'C:/Users/Sean/Documents/Unreal Projects/Noirthulhu/Content/Developers/Sean/Collections/' took 0.01s
[2016.03.24-17.04.05:446][  0]LogFileCache: Scanning file cache for directory 'C:/Users/Sean/Documents/Unreal Projects/Noirthulhu/Content/Collections/' took 0.01s
[2016.03.24-17.04.05:446][  0]LogCollectionManager: Rebuilt the GUID cache for 0 collections in 0.000002 seconds
[2016.03.24-17.04.05:457][  0]LogContentBrowser: Native class hierarchy populated in 0.0103 seconds. Added 1893 classes and 338 folders.
[2016.03.24-17.04.05:468][  0]LogContentBrowser: Native class hierarchy updated for 'WidgetCarousel' in 0.0004 seconds. Added 0 classes and 0 folders.
[2016.03.24-17.04.06:743][  0]LogContentBrowser: Native class hierarchy updated for 'AddContentDialog' in 0.0006 seconds. Added 0 classes and 0 folders.
[2016.03.24-17.04.06:834][  0]LogContentBrowser: Native class hierarchy updated for 'SceneOutliner' in 0.0005 seconds. Added 1 classes and 2 folders.
[2016.03.24-17.04.07:377][  0]LogCrashTracker: Crashtracker disabled due to settings.
[2016.03.24-17.04.07:384][  0]LogUObjectGlobals:Warning: Failed to find object 'Class None.'
[2016.03.24-17.04.07:407][  0]LogLoad: Full Startup: 10.95 seconds (BP compile: 0.17 seconds)
[2016.03.24-17.04.07:753][  0]LogOcInput: Can't find Oculus library dev build: is proper Runtime installed? Version: 0.8.0.0
[2016.03.24-17.04.07:996][  0]LogContentStreaming: Texture pool size now 1000 MB
[2016.03.24-17.04.08:266][  0]LogRenderer: Reallocating scene render targets to support 1140x600 (Frame:2).
[2016.03.24-17.04.09:714][  5]LogAssetRegistry: Asset discovery search completed in 8.1855 seconds
[2016.03.24-17.04.09:714][  5]LogCollectionManager: Rebuilt the object cache for 0 collections in 0.000001 seconds (found 0 objects)
[2016.03.24-17.04.09:714][  5]LogCollectionManager: Fixed up redirectors for 0 collections in 0.000025 seconds (updated 0 objects)
[2016.03.24-17.07.19:159][992]LogEditorViewport: Clicking on Actor (LMB): StaticMeshActor (Floor)
[2016.03.24-17.07.19:566][  4]LogEditorViewport: Clicking on Actor (LMB): TopDownCharacter_C (TopDownCharacter)
[2016.03.24-17.07.50:537][314]LogLinker:Warning: Asset '../../../Engine/Content/ArtTools/RenderToTexture/Macros/RenderToTextureMacros.uasset' has been saved with empty engine version. The asset will be loaded but may be incompatible.
[2016.03.24-17.07.51:272][314]LogContentBrowser: Native class hierarchy updated for 'BlueprintGraph' in 0.0009 seconds. Added 107 classes and 0 folders.
[2016.03.24-17.17.43:555][297]LogEditorViewport: Clicking on Actor (LMB): BP_Sky_Sphere_C (SkySphereBlueprint)
[2016.03.24-17.17.54:113][755]LogRenderer: Reallocating scene render targets to support 1140x696 (Frame:22668).
[2016.03.24-17.20.33:522][215]LogSlate:Warning: Prevented a slow task dialog from being summoned while a context menu was open
[2016.03.24-17.20.39:579][576]LogRenderer: Reallocating scene render targets to support 1140x712 (Frame:45155).
[2016.03.24-17.21.45:168][189]LogActorComponent: UnregisterComponent: (/Engine/Transient.CharMoveComp) Not registered. Aborting.
[2016.03.24-17.21.45:169][189]LogActorComponent: UnregisterComponent: (/Engine/Transient.CharacterMovementComponent_0) Not registered. Aborting.
[2016.03.24-17.21.45:210][189]LogParticles: Destroying 0 GPU particle simulations for FXSystem 0x000001599C783560
[2016.03.24-17.21.49:033][189]LogObjectTools:Warning: ForceReplaceReferences replaced references for a transient object 'DEADCLASS_TopDownCharacterSprite_C_0' or package '/Engine/Transient'.
[2016.03.24-17.21.49:033][189]LogObjectTools:Warning: ForceReplaceReferences replaced references for a transient object 'DEADCLASS_TopDownCharacterSprite_C_1' or package '/Engine/Transient'.
[2016.03.24-17.21.49:033][189]LogObjectTools:Warning: ForceReplaceReferences replaced references for a transient object 'REINST_SKEL_TopDownCharacterSprite_C_48' or package '/Engine/Transient'.
[2016.03.24-17.21.49:033][189]LogObjectTools:Warning: ForceReplaceReferences replaced references for a transient object 'REINST_TopDownCharacterSprite_C_47' or package '/Engine/Transient'.
[2016.03.24-17.21.49:229][189]LogParticles: Destroying 0 GPU particle simulations for FXSystem 0x00000159D746F920
[2016.03.24-17.21.50:786][314]LogSlate:Warning: Prevented a slow task dialog from being summoned while a context menu was open
[2016.03.24-17.22.38:322][663]LogActorComponent: UnregisterComponent: (/Engine/Transient.CharMoveComp) Not registered. Aborting.
[2016.03.24-17.23.03:950][200]LogActorComponent: UnregisterComponent: (/Engine/Transient.CharMoveComp) Not registered. Aborting.
[2016.03.24-17.23.03:980][200]LogParticles: Destroying 0 GPU particle simulations for FXSystem 0x00000159915EE340
[2016.03.24-17.23.05:484][200]LogObjectTools:Warning: ForceReplaceReferences replaced references for a transient object 'DEADCLASS_NewPawn_C_3' or package '/Engine/Transient'.
[2016.03.24-17.23.05:485][200]LogObjectTools:Warning: ForceReplaceReferences replaced references for a transient object 'DEADCLASS_NewPawn_C_2' or package '/Engine/Transient'.
[2016.03.24-17.23.05:485][200]LogObjectTools:Warning: ForceReplaceReferences replaced references for a transient object 'REINST_SKEL_NewPawn_C_54' or package '/Engine/Transient'.
[2016.03.24-17.23.05:485][200]LogObjectTools:Warning: ForceReplaceReferences replaced references for a transient object 'REINST_NewPawn_C_53' or package '/Engine/Transient'.
[2016.03.24-17.23.36:197][947]LogSavePackage: Save=571.025757ms
[2016.03.24-17.23.36:197][947]LogSavePackage: Moving '../../../../../../Users/Sean/Documents/Unreal Projects/Noirthulhu/Saved/TopDownExampleMap77AA2A2145865FF3652178857D7FBBF9.tmp' to '../../../../../../Users/Sean/Documents/Unreal Projects/Noirthulhu/Content/TopDownBP/Maps/TopDownExampleMap.umap'
[2016.03.24-17.23.36:213][947]LogSavePackage: Total save time: 724.420976ms
[2016.03.24-17.23.36:213][947]LogSavePackage:Display: Finished SavePackage ../../../../../../Users/Sean/Documents/Unreal Projects/Noirthulhu/Content/TopDownBP/Maps/TopDownExampleMap.umap
[2016.03.24-17.23.36:244][947]LogFileHelpers: Saving map 'TopDownExampleMap' took 0.961
[2016.03.24-17.23.36:248][947]LightingResults: New page: Lighting Build
[2016.03.24-17.23.36:277][947]MapCheck: New page: Map Check
[2016.03.24-17.23.36:277][947]LightingResults: New page: Lighting Build
[2016.03.24-17.23.36:305][947]LogParticles: Destroying 0 GPU particle simulations for FXSystem 0x00000159820C9B20
[2016.03.24-17.23.36:349][947]LogAIModule: Creating AISystem for world NewWorld
[2016.03.24-17.23.36:423][947]LoadErrors: New page: New Map
[2016.03.24-17.23.40:351][380]LogSlate:Warning: Prevented a slow task dialog from being summoned while a context menu was open
[2016.03.24-17.23.42:756][655]Cmd: UpdateLandscapeSetup
[2016.03.24-17.24.07:735][394]LogEditor: Attempting to add actor of class 'PaperCharacter' to level at 600.00,550.00,-10.00
[2016.03.24-17.24.19:332][717]LogEditor: Attempting to add actor of class 'PaperCharacter' to level at 600.00,550.00,-10.00
[2016.03.24-17.24.20:170][800]LogEditor: Attempting to add actor of class 'PaperCharacter' to level at 600.00,550.00,-10.00
[2016.03.24-17.26.17:482][359]LogEditor: Attempting to add actor of class 'PaperCharacter' to level at 150.00,710.00,-210.00
[2016.03.24-17.26.18:267][442]LogEditor: Attempting to add actor of class 'PaperCharacter' to level at 150.00,710.00,-210.00
[2016.03.24-17.26.19:880][612]Cmd: DELETE
[2016.03.24-17.26.19:880][612]Cmd: ACTOR DELETE
[2016.03.24-17.26.19:881][612]LogEditorActor: Deleted Actor: PaperCharacter
[2016.03.24-17.26.19:915][612]LogEditorActor: Deleted 1 Actors (0.035 secs)
[2016.03.24-17.26.28:393][513]LogEditorViewport: Clicking Background
[2016.03.24-17.26.29:974][688]LogEditorViewport: Clicking on Actor (LMB): PaperCharacter (PaperCharacter2)
[2016.03.24-17.30.13:716][903]LogEditor: Attempting to add actor of class 'PaperCharacter' to level at 700.00,830.00,-480.00
[2016.03.24-17.32.34:127][337]LogVSAccessor:Warning: Couldn't goto line number '0' in 'C:/Program Files/Epic Games/4.10/Engine/Plugins/2D/Paper2D/Source/Paper2D/Classes/PaperCharacter.h'
[2016.03.24-17.32.34:310][337]LogVSAccessor:Warning: Couldn't goto line number '0' in 'C:/Program Files/Epic Games/4.10/Engine/Plugins/2D/Paper2D/Source/Paper2D/Private/PaperCharacter.cpp'
[2016.03.24-17.33.36:482][479]LogEditorViewport: Clicking Background
[2016.03.24-17.33.39:304][679]LogEditorViewport: Clicking on Actor (LMB): PaperCharacter (PaperCharacter2)
[2016.03.24-17.33.39:632][697]Cmd: DELETE
[2016.03.24-17.33.39:632][697]Cmd: ACTOR DELETE
[2016.03.24-17.33.39:632][697]LogEditorActor: Deleted Actor: PaperCharacter
[2016.03.24-17.33.39:634][697]LogActorComponent: UnregisterComponent: (/Engine/Transient.CharMoveComp) Not registered. Aborting.
[2016.03.24-17.33.39:672][697]LogEditorActor: Deleted 1 Actors (0.040 secs)
[2016.03.24-17.35.48:922][508]LogEditorTransaction: Undo Modify Component(s)
[2016.03.24-17.36.41:042][807]LogRenderer: Reallocating scene render targets to support 1528x788 (Frame:117720).
[2016.03.24-17.37.55:225][950]Cmd: TRANSACTION UNDO
[2016.03.24-17.37.55:225][950]LogEditorTransaction: Undo Insert Key Frame
[2016.03.24-17.39.18:650][776]LogRenderer: Reallocating scene render targets to support 1528x800 (Frame:140036).
[2016.03.24-17.40.11:742][453]LogRenderer: Reallocating scene render targets to support 1528x916 (Frame:146708).
[2016.03.24-17.50.24:056][519]Cmd: OBJ SAVEPACKAGE PACKAGE="/Game/MainCharacter/PF_PlayerIdle" FILE="../../../../../../Users/Sean/Documents/Unreal Projects/Noirthulhu/Content/MainCharacter/PF_PlayerIdle.uasset" SILENT=true
[2016.03.24-17.50.24:078][519]LogSavePackage: Save=12.186501ms
[2016.03.24-17.50.24:078][519]LogSavePackage: Moving '../../../../../../Users/Sean/Documents/Unreal Projects/Noirthulhu/Saved/PF_PlayerIdle058BFDFA491E91C2A365A8B7AB61FE7A.tmp' to '../../../../../../Users/Sean/Documents/Unreal Projects/Noirthulhu/Content/MainCharacter/PF_PlayerIdle.uasset'
[2016.03.24-17.50.24:088][519]LogSavePackage: Total save time: 30.043978ms
[2016.03.24-17.50.24:088][519]LogSavePackage:Display: Finished SavePackage ../../../../../../Users/Sean/Documents/Unreal Projects/Noirthulhu/Content/MainCharacter/PF_PlayerIdle.uasset
[2016.03.24-17.55.03:496][564]LogParticles: Destroying 0 GPU particle simulations for FXSystem 0x0000015984DF32E0
[2016.03.24-17.55.03:499][564]LogParticles: Destroying 0 GPU particle simulations for FXSystem 0x0000015A2A720540
[2016.03.24-17.55.03:499][564]LogParticles: Destroying 0 GPU particle simulations for FXSystem 0x0000015A26665260
[2016.03.24-17.55.03:500][564]LogParticles: Destroying 0 GPU particle simulations for FXSystem 0x0000015A104B1DA0
[2016.03.24-17.55.03:501][564]LogParticles: Destroying 0 GPU particle simulations for FXSystem 0x0000015A05B26520
[2016.03.24-17.55.03:502][564]LogParticles: Destroying 0 GPU particle simulations for FXSystem 0x0000015A14BAEDE0
[2016.03.24-17.55.03:502][564]LogParticles: Destroying 0 GPU particle simulations for FXSystem 0x0000015A149F6B60
[2016.03.24-17.55.13:411][564]LogSavePackage: Save=21.246002ms
[2016.03.24-17.55.13:411][564]LogSavePackage: Moving '../../../../../../Users/Sean/Documents/Unreal Projects/Noirthulhu/Saved/Mansion5566865C4ED28923F457CFAABF2DBF13.tmp' to '../../../../../../Users/Sean/Documents/Unreal Projects/Noirthulhu/Content/TopDownBP/Maps/Mansion.umap'
[2016.03.24-17.55.13:416][564]LogSavePackage: Total save time: 26.521858ms
[2016.03.24-17.55.13:416][564]LogSavePackage:Display: Finished SavePackage ../../../../../../Users/Sean/Documents/Unreal Projects/Noirthulhu/Content/TopDownBP/Maps/Mansion.umap
[2016.03.24-17.55.13:449][564]LogFileHelpers: Saving map 'Mansion' took 0.335
[2016.03.24-17.55.13:479][564]LogSavePackage: Save=11.352279ms
[2016.03.24-17.55.13:479][564]LogSavePackage: Moving '../../../../../../Users/Sean/Documents/Unreal Projects/Noirthulhu/Saved/TopDownGameMode77AEF48340628C36E177C6AB3EE99E12.tmp' to '../../../../../../Users/Sean/Documents/Unreal Projects/Noirthulhu/Content/TopDownBP/Blueprints/TopDownGameMode.uasset'
[2016.03.24-17.55.13:482][564]LogSavePackage: Total save time: 21.788049ms
[2016.03.24-17.55.13:482][564]LogSavePackage:Display: Finished SavePackage ../../../../../../Users/Sean/Documents/Unreal Projects/Noirthulhu/Content/TopDownBP/Blueprints/TopDownGameMode.uasset
[2016.03.24-17.55.13:518][564]LogSavePackage: Save=24.655184ms
[2016.03.24-17.55.13:518][564]LogSavePackage: Moving '../../../../../../Users/Sean/Documents/Unreal Projects/Noirthulhu/Saved/playerCharacter_Noirthulhu08B051504552F0239B1A31AA78D1DD4A.tmp' to '../../../../../../Users/Sean/Documents/Unreal Projects/Noirthulhu/Content/MainCharacter/playerCharacter_Noirthulhu.uasset'
[2016.03.24-17.55.13:522][564]LogSavePackage: Total save time: 28.585088ms
[2016.03.24-17.55.13:522][564]LogSavePackage:Display: Finished SavePackage ../../../../../../Users/Sean/Documents/Unreal Projects/Noirthulhu/Content/MainCharacter/playerCharacter_Noirthulhu.uasset
[2016.03.24-17.55.13:533][564]Cmd: OBJ SAVEPACKAGE PACKAGE="/Game/PaperGame" FILE="../../../../../../Users/Sean/Documents/Unreal Projects/Noirthulhu/Content/PaperGame.uasset" SILENT=true
[2016.03.24-17.55.13:550][564]LogSavePackage: Save=15.520722ms
[2016.03.24-17.55.13:550][564]LogSavePackage: Moving '../../../../../../Users/Sean/Documents/Unreal Projects/Noirthulhu/Saved/PaperGameD73DB05542456C4DE36A8A8B60B3D8C5.tmp' to '../../../../../../Users/Sean/Documents/Unreal Projects/Noirthulhu/Content/PaperGame.uasset'
[2016.03.24-17.55.13:553][564]LogSavePackage: Total save time: 19.055836ms
[2016.03.24-17.55.13:553][564]LogSavePackage:Display: Finished SavePackage ../../../../../../Users/Sean/Documents/Unreal Projects/Noirthulhu/Content/PaperGame.uasset
[2016.03.24-18.05.30:526][343]LogEditor: Attempting to add actor of class 'PaperTileMapActor' to level at 620.00,570.00,-400.00
[2016.03.24-18.05.35:067][745]LogEditor: Attempting to add actor of class 'PaperTileMapActor' to level at 630.00,400.00,-310.00
[2016.03.24-18.05.38:181][ 25]LogEditor: Attempting to add actor of class 'PaperTileMapActor' to level at 620.00,440.00,-330.00
[2016.03.24-18.05.38:819][ 77]LogEditor: Attempting to add actor of class 'PaperTileMapActor' to level at 620.00,440.00,-330.00
[2016.03.24-18.05.42:569][388]Cmd: DELETE
[2016.03.24-18.05.42:569][388]Cmd: ACTOR DELETE
[2016.03.24-18.05.42:570][388]LogEditorActor: Deleted Actor: PaperTileMapActor
[2016.03.24-18.05.42:605][388]LogParticles: Destroying 0 GPU particle simulations for FXSystem 0x00000159960CF920
[2016.03.24-18.05.42:611][388]LogEditorActor: Deleted 1 Actors (0.042 secs)
[2016.03.24-18.08.54:100][125]LogWindows: LaunchURL http://docs.unrealengine.com/latest/INT/Engine/Paper2D/TileMaps/?utm_source=editor&utm_medium=search&utm_campaign=user_initiated
[2016.03.24-18.11.39:351][217]LogSavePackage: Save=16.116737ms
[2016.03.24-18.11.39:351][217]LogSavePackage: Moving '../../../../../../Users/Sean/Documents/Unreal Projects/Noirthulhu/Saved/Mansion6E65287E49D8ABAEC10627A18A9ABB85.tmp' to '../../../../../../Users/Sean/Documents/Unreal Projects/Noirthulhu/Content/TopDownBP/Maps/Mansion.umap'
[2016.03.24-18.11.39:356][217]LogSavePackage: Total save time: 27.908117ms
[2016.03.24-18.11.39:356][217]LogSavePackage:Display: Finished SavePackage ../../../../../../Users/Sean/Documents/Unreal Projects/Noirthulhu/Content/TopDownBP/Maps/Mansion.umap
[2016.03.24-18.11.39:411][217]LogFileHelpers: Saving map 'Mansion' took 0.322
[2016.03.24-18.11.39:420][217]Cmd: OBJ SAVEPACKAGE PACKAGE="/Game/PaperGame" FILE="../../../../../../Users/Sean/Documents/Unreal Projects/Noirthulhu/Content/PaperGame.uasset" SILENT=true
[2016.03.24-18.11.39:439][217]LogSavePackage: Save=11.853345ms
[2016.03.24-18.11.39:439][217]LogSavePackage: Moving '../../../../../../Users/Sean/Documents/Unreal Projects/Noirthulhu/Saved/PaperGameE7F56C59401389A801332C93DC912680.tmp' to '../../../../../../Users/Sean/Documents/Unreal Projects/Noirthulhu/Content/PaperGame.uasset'
[2016.03.24-18.11.39:444][217]LogSavePackage: Total save time: 23.122001ms
[2016.03.24-18.11.39:444][217]LogSavePackage:Display: Finished SavePackage ../../../../../../Users/Sean/Documents/Unreal Projects/Noirthulhu/Content/PaperGame.uasset
[2016.03.24-18.18.43:285][794]LogParticles: Destroying 0 GPU particle simulations for FXSystem 0x0000015995FADD00
[2016.03.24-18.18.43:286][794]LogParticles: Destroying 0 GPU particle simulations for FXSystem 0x00000159990A51C0
[2016.03.24-18.18.43:287][794]LogParticles: Destroying 0 GPU particle simulations for FXSystem 0x0000015A121E0360
[2016.03.24-18.18.43:328][794]Cmd: OBJ SAVEPACKAGE PACKAGE="/Game/RoomSections/TM_Mansion" FILE="../../../../../../Users/Sean/Documents/Unreal Projects/Noirthulhu/Content/RoomSections/TM_Mansion.uasset" SILENT=true
[2016.03.24-18.18.43:333][794]LogSavePackage: Save=2.833489ms
[2016.03.24-18.18.43:333][794]LogSavePackage: Moving '../../../../../../Users/Sean/Documents/Unreal Projects/Noirthulhu/Saved/TM_MansionEB4F731A4AF4DFB485033C959B1E3560.tmp' to '../../../../../../Users/Sean/Documents/Unreal Projects/Noirthulhu/Content/RoomSections/TM_Mansion.uasset'
[2016.03.24-18.18.43:337][794]LogSavePackage: Total save time: 7.472347ms
[2016.03.24-18.18.43:337][794]LogSavePackage:Display: Finished SavePackage ../../../../../../Users/Sean/Documents/Unreal Projects/Noirthulhu/Content/RoomSections/TM_Mansion.uasset
[2016.03.24-18.18.43:353][794]Cmd: OBJ SAVEPACKAGE PACKAGE="/Game/RoomSections/TS_Mansion" FILE="../../../../../../Users/Sean/Documents/Unreal Projects/Noirthulhu/Content/RoomSections/TS_Mansion.uasset" SILENT=true
[2016.03.24-18.18.43:362][794]LogSavePackage: Save=6.582822ms
[2016.03.24-18.18.43:362][794]LogSavePackage: Moving '../../../../../../Users/Sean/Documents/Unreal Projects/Noirthulhu/Saved/TS_Mansion4B0F68C8462FD3336265CB81267840E7.tmp' to '../../../../../../Users/Sean/Documents/Unreal Projects/Noirthulhu/Content/RoomSections/TS_Mansion.uasset'
[2016.03.24-18.18.43:365][794]LogSavePackage: Total save time: 10.576025ms
[2016.03.24-18.18.43:365][794]LogSavePackage:Display: Finished SavePackage ../../../../../../Users/Sean/Documents/Unreal Projects/Noirthulhu/Content/RoomSections/TS_Mansion.uasset
[2016.03.24-18.18.44:964][905]Cmd: QUIT_EDITOR
[2016.03.24-18.18.45:071][905]LogWindowsTextInputMethodSystem:Display: IME system now deactivated.
[2016.03.24-18.18.45:164][905]LogExit: Preparing to exit.
[2016.03.24-18.18.45:567][905]LogExit: Editor shut down
[2016.03.24-18.18.45:569][905]LogExit: Transaction tracking system shut down
[2016.03.24-18.18.45:572][905]LogParticles: Destroying 0 GPU particle simulations for FXSystem 0x000001599C0182C0
[2016.03.24-18.18.45:572][905]LogParticles: Destroying 0 GPU particle simulations for FXSystem 0x000001599DB6AF20
[2016.03.24-18.18.45:572][905]LogParticles: Destroying 0 GPU particle simulations for FXSystem 0x00000159AE17A160
[2016.03.24-18.18.45:574][905]LogParticles: Destroying 0 GPU particle simulations for FXSystem 0x00000159AE179760
[2016.03.24-18.18.45:574][905]LogParticles: Destroying 0 GPU particle simulations for FXSystem 0x000001599C01BA60
[2016.03.24-18.18.45:937][905]LogParticles: Destroying 0 GPU particle simulations for FXSystem 0x00000159B69520C0
[2016.03.24-18.18.45:937][905]LogExit: Object subsystem successfully closed.
[2016.03.24-18.18.45:957][905]LogD3D11RHI: Shutdown
[2016.03.24-18.18.45:957][905]LogD3D11RHI: CleanupD3DDevice
[2016.03.24-18.18.46:097][905]LogD3D11RHI: ~FD3D11DynamicRHI
[2016.03.24-18.18.46:140][905]LogModuleManager: Shutting down and abandoning module CookingStats (201)
[2016.03.24-18.18.46:140][905]LogModuleManager: Shutting down and abandoning module NewLevelDialog (200)
[2016.03.24-18.18.46:140][905]LogModuleManager: Shutting down and abandoning module BlueprintGraph (199)
[2016.03.24-18.18.46:140][905]LogModuleManager: Shutting down and abandoning module CrashTracker (198)
[2016.03.24-18.18.46:140][905]LogModuleManager: Shutting down and abandoning module SceneOutliner (197)
[2016.03.24-18.18.46:140][905]LogModuleManager: Shutting down and abandoning module SuperSearch (196)
[2016.03.24-18.18.46:140][905]LogModuleManager: Shutting down and abandoning module WidgetCarousel (195)
[2016.03.24-18.18.46:140][905]LogModuleManager: Shutting down and abandoning module AddContentDialog (194)
[2016.03.24-18.18.46:148][905]LogModuleManager: Shutting down and abandoning module EditorWidgets (193)
[2016.03.24-18.18.46:148][905]LogModuleManager: Shutting down and abandoning module CollectionManager (192)
[2016.03.24-18.18.46:149][905]LogModuleManager: Shutting down and abandoning module StatsViewer (191)
[2016.03.24-18.18.46:149][905]LogModuleManager: Shutting down and abandoning module FoliageEdit (190)
[2016.03.24-18.18.46:149][905]LogModuleManager: Shutting down and abandoning module LandscapeEditor (189)
[2016.03.24-18.18.46:150][905]LogModuleManager: Shutting down and abandoning module ActorPickerMode (188)
[2016.03.24-18.18.46:150][905]LogModuleManager: Shutting down and abandoning module GeometryMode (187)
[2016.03.24-18.18.46:150][905]LogModuleManager: Shutting down and abandoning module TextureAlignMode (186)
[2016.03.24-18.18.46:150][905]LogModuleManager: Shutting down and abandoning module BspMode (185)
[2016.03.24-18.18.46:150][905]LogModuleManager: Shutting down and abandoning module PlacementMode (184)
[2016.03.24-18.18.46:150][905]LogModuleManager: Shutting down and abandoning module AutomationWorker (183)
[2016.03.24-18.18.46:150][905]LogModuleManager: Shutting down and abandoning module CharacterAI (182)
[2016.03.24-18.18.46:150][905]LogModuleManager: Shutting down and abandoning module SmartSnapping (181)
[2016.03.24-18.18.46:150][905]LogModuleManager: Shutting down and abandoning module ViewportSnapping (180)
[2016.03.24-18.18.46:150][905]LogModuleManager: Shutting down and abandoning module LogVisualizer (179)
[2016.03.24-18.18.46:150][905]LogModuleManager: Shutting down and abandoning module GameProjectGeneration (178)
[2016.03.24-18.18.46:151][905]LogModuleManager: Shutting down and abandoning module IntroTutorials (177)
[2016.03.24-18.18.46:151][905]LogModuleManager: Shutting down and abandoning module EditorLiveStreaming (176)
[2016.03.24-18.18.46:151][905]LogModuleManager: Shutting down and abandoning module IOSPlatformEditor (175)
[2016.03.24-18.18.46:151][905]LogModuleManager: Shutting down and abandoning module HTML5PlatformEditor (174)
[2016.03.24-18.18.46:151][905]LogModuleManager: Shutting down and abandoning module AndroidDeviceDetection (173)
[2016.03.24-18.18.46:993][905]LogModuleManager: Shutting down and abandoning module AndroidPlatformEditor (172)
[2016.03.24-18.18.46:994][905]LogModuleManager: Shutting down and abandoning module IOSRuntimeSettings (171)
[2016.03.24-18.18.46:994][905]LogModuleManager: Shutting down and abandoning module AndroidRuntimeSettings (170)
[2016.03.24-18.18.46:994][905]LogModuleManager: Shutting down and abandoning module MergeActors (169)
[2016.03.24-18.18.46:994][905]LogModuleManager: Shutting down and abandoning module SizeMap (168)
[2016.03.24-18.18.46:994][905]LogModuleManager: Shutting down and abandoning module TreeMap (167)
[2016.03.24-18.18.46:994][905]LogModuleManager: Shutting down and abandoning module ReferenceViewer (166)
[2016.03.24-18.18.46:994][905]LogModuleManager: Shutting down and abandoning module LocalizationService (165)
[2016.03.24-18.18.46:994][905]LogModuleManager: Shutting down and abandoning module LocalizationDashboard (164)
[2016.03.24-18.18.46:994][905]LogModuleManager: Shutting down and abandoning module HardwareTargeting (163)
[2016.03.24-18.18.46:994][905]LogModuleManager: Shutting down and abandoning module DeviceProfileEditor (162)
[2016.03.24-18.18.46:994][905]LogModuleManager: Shutting down and abandoning module UndoHistory (161)
[2016.03.24-18.18.46:994][905]LogModuleManager: Shutting down and abandoning module GameplayTagsEditor (160)
[2016.03.24-18.18.46:994][905]LogModuleManager: Shutting down and abandoning module UserFeedback (159)
[2016.03.24-18.18.46:994][905]LogModuleManager: Shutting down and abandoning module XmlParser (158)
[2016.03.24-18.18.46:994][905]LogModuleManager: Shutting down and abandoning module Blutility (157)
[2016.03.24-18.18.46:994][905]LogModuleManager: Shutting down and abandoning module ProjectTargetPlatformEditor (156)
[2016.03.24-18.18.46:995][905]LogModuleManager: Shutting down and abandoning module ProjectSettingsViewer (155)
[2016.03.24-18.18.46:995][905]LogModuleManager: Shutting down and abandoning module InputBindingEditor (154)
[2016.03.24-18.18.46:995][905]LogModuleManager: Shutting down and abandoning module EditorSettingsViewer (153)
[2016.03.24-18.18.46:995][905]LogModuleManager: Shutting down and abandoning module SettingsEditor (152)
[2016.03.24-18.18.46:995][905]LogModuleManager: Shutting down and abandoning module ProjectLauncher (151)
[2016.03.24-18.18.46:995][905]LogModuleManager: Shutting down and abandoning module SessionFrontend (150)
[2016.03.24-18.18.46:995][905]LogModuleManager: Shutting down and abandoning module ProfilerClient (149)
[2016.03.24-18.18.46:995][905]LogModuleManager: Shutting down and abandoning module TargetDeviceServices (148)
[2016.03.24-18.18.46:995][905]LogModuleManager: Shutting down and abandoning module DeviceManager (147)
[2016.03.24-18.18.46:995][905]LogModuleManager: Shutting down and abandoning module AutomationController (146)
[2016.03.24-18.18.46:995][905]LogModuleManager: Shutting down and abandoning module AutomationWindow (145)
[2016.03.24-18.18.46:995][905]LogModuleManager: Shutting down and abandoning module Layers (144)
[2016.03.24-18.18.46:995][905]LogModuleManager: Shutting down and abandoning module ComponentVisualizers (143)
[2016.03.24-18.18.46:995][905]LogModuleManager: Shutting down and abandoning module DetailCustomizations (142)
[2016.03.24-18.18.46:996][905]LogModuleManager: Shutting down and abandoning module PackagesDialog (141)
[2016.03.24-18.18.46:996][905]LogModuleManager: Shutting down and abandoning module Persona (140)
[2016.03.24-18.18.46:996][905]LogModuleManager: Shutting down and abandoning module Kismet (139)
[2016.03.24-18.18.46:996][905]LogModuleManager: Shutting down and abandoning module GraphEditor (138)
[2016.03.24-18.18.46:996][905]LogModuleManager: Shutting down and abandoning module ClassViewer (137)
[2016.03.24-18.18.46:998][905]LogModuleManager: Shutting down and abandoning module Toolbox (136)
[2016.03.24-18.18.46:998][905]LogModuleManager: Shutting down and abandoning module ModuleUI (135)
[2016.03.24-18.18.46:998][905]LogModuleManager: Shutting down and abandoning module MovieSceneTools (134)
[2016.03.24-18.18.46:998][905]LogModuleManager: Shutting down and abandoning module OutputLog (133)
[2016.03.24-18.18.46:998][905]LogModuleManager: Shutting down and abandoning module GammaUI (132)
[2016.03.24-18.18.46:998][905]LogModuleManager: Shutting down and abandoning module Documentation (131)
[2016.03.24-18.18.46:998][905]LogModuleManager: Shutting down and abandoning module GameLiveStreaming (130)
[2016.03.24-18.18.46:998][905]LogModuleManager: Shutting down and abandoning module StreamingPauseRendering (129)
[2016.03.24-18.18.46:998][905]LogModuleManager: Shutting down and abandoning module AnalyticsET (128)
[2016.03.24-18.18.46:998][905]LogModuleManager: Shutting down and abandoning module Analytics (127)
[2016.03.24-18.18.46:998][905]LogModuleManager: Shutting down and abandoning module AITestSuite (126)
[2016.03.24-18.18.46:998][905]LogModuleManager: Shutting down and abandoning module GameplayDebugger (125)
[2016.03.24-18.18.46:998][905]LogModuleManager: Shutting down and abandoning module AIModule (124)
[2016.03.24-18.18.46:999][905]LogModuleManager: Shutting down and abandoning module ProfilerService (123)
[2016.03.24-18.18.47:216][905]LogModuleManager: Shutting down and abandoning module TaskGraph (122)
[2016.03.24-18.18.47:216][905]LogModuleManager: Shutting down and abandoning module SlateRemote (121)
[2016.03.24-18.18.47:219][905]LogModuleManager: Shutting down and abandoning module SteamVRController (120)
[2016.03.24-18.18.47:219][905]LogModuleManager: Shutting down and abandoning module SteamVR (119)
[2016.03.24-18.18.47:219][905]LogModuleManager: Shutting down and abandoning module ProceduralMeshComponent (118)
[2016.03.24-18.18.47:219][905]LogModuleManager: Shutting down and abandoning module OculusLibrary (117)
[2016.03.24-18.18.47:219][905]LogModuleManager: Shutting down and abandoning module OculusInput (116)
[2016.03.24-18.18.47:219][905]LogModuleManager: Shutting down and abandoning module LeapMotionController (115)
[2016.03.24-18.18.47:241][905]LogModuleManager: Shutting down and abandoning module CustomMeshComponent (114)
[2016.03.24-18.18.47:241][905]LogModuleManager: Shutting down and abandoning module CableComponent (113)
[2016.03.24-18.18.47:241][905]LogModuleManager: Shutting down and abandoning module ArchVisCharacter (112)
[2016.03.24-18.18.47:241][905]LogModuleManager: Shutting down and abandoning module MessagingDebugger (111)
[2016.03.24-18.18.47:241][905]LogModuleManager: Shutting down and abandoning module MediaPlayerEditor (110)
[2016.03.24-18.18.47:241][905]LogModuleManager: Shutting down and abandoning module HTML5Networking (109)
[2016.03.24-18.18.47:241][905]LogModuleManager: Shutting down and abandoning module SpeedTreeImporter (108)
[2016.03.24-18.18.47:241][905]LogModuleManager: Shutting down and abandoning module PluginBrowser (107)
[2016.03.24-18.18.47:242][905]LogModuleManager: Shutting down and abandoning module EpicSurvey (106)
[2016.03.24-18.18.47:242][905]LogModuleManager: Shutting down and abandoning module DesktopPlatform (105)
[2016.03.24-18.18.47:242][905]LogModuleManager: Shutting down and abandoning module VisualStudioSourceCodeAccess (104)
[2016.03.24-18.18.47:242][905]LogModuleManager: Shutting down and abandoning module UObjectPlugin (103)
[2016.03.24-18.18.47:242][905]LogModuleManager: Shutting down and abandoning module SubversionSourceControl (102)
[2016.03.24-18.18.47:242][905]LogModuleManager: Shutting down and abandoning module PerforceSourceControl (101)
[2016.03.24-18.18.47:242][905]LogModuleManager: Shutting down and abandoning module SourceControl (100)
[2016.03.24-18.18.47:245][905]LogModuleManager: Shutting down and abandoning module GitSourceControl (99)
[2016.03.24-18.18.47:245][905]LogModuleManager: Shutting down and abandoning module LightPropagationVolumeEditor (98)
[2016.03.24-18.18.47:245][905]LogModuleManager: Shutting down and abandoning module PaperTiledImporter (97)
[2016.03.24-18.18.47:245][905]LogModuleManager: Shutting down and abandoning module PaperSpriteSheetImporter (96)
[2016.03.24-18.18.47:245][905]LogModuleManager: Shutting down and abandoning module MeshPaint (95)
[2016.03.24-18.18.47:245][905]LogModuleManager: Shutting down and abandoning module SlateReflector (94)
[2016.03.24-18.18.47:245][905]LogModuleManager: Shutting down and abandoning module HotReload (93)
[2016.03.24-18.18.47:245][905]LogModuleManager: Shutting down and abandoning module MainFrame (92)
[2016.03.24-18.18.47:245][905]LogModuleManager: Shutting down and abandoning module LevelEditor (91)
[2016.03.24-18.18.47:248][905]LogModuleManager: Shutting down and abandoning module DirectoryWatcher (90)
[2016.03.24-18.18.47:250][905]LogModuleManager: Shutting down and abandoning module AssetRegistry (89)
[2016.03.24-18.18.47:377][905]LogModuleManager: Shutting down and abandoning module ContentBrowser (88)
[2016.03.24-18.18.47:378][905]LogModuleManager: Shutting down and abandoning module Paper2DEditor (87)
[2016.03.24-18.18.47:379][905]LogModuleManager: Shutting down and abandoning module UdpMessaging (86)
[2016.03.24-18.18.47:479][905]LogModuleManager: Shutting down and abandoning module LightPropagationVolumeRuntime (85)
[2016.03.24-18.18.47:479][905]LogModuleManager: Shutting down and abandoning module Paper2D (84)
[2016.03.24-18.18.47:479][905]LogModuleManager: Shutting down and abandoning module WindowsMoviePlayer (83)
[2016.03.24-18.18.47:483][905]LogModuleManager: Shutting down and abandoning module Media (82)
[2016.03.24-18.18.47:483][905]LogModuleManager: Shutting down and abandoning module WmfMedia (81)
[2016.03.24-18.18.47:483][905]LogModuleManager: Shutting down and abandoning module OnlineBlueprintSupport (80)
[2016.03.24-18.18.47:483][905]LogModuleManager: Shutting down and abandoning module GameplayTasksEditor (79)
[2016.03.24-18.18.47:483][905]LogModuleManager: Shutting down and abandoning module PropertyEditor (78)
[2016.03.24-18.18.47:483][905]LogModuleManager: Shutting down and abandoning module BehaviorTreeEditor (77)
[2016.03.24-18.18.47:483][905]LogModuleManager: Shutting down and abandoning module FunctionalTesting (76)
[2016.03.24-18.18.47:483][905]LogModuleManager: Shutting down and abandoning module CollisionAnalyzer (75)
[2016.03.24-18.18.47:484][905]LogModuleManager: Shutting down and abandoning module WorkspaceMenuStructure (74)
[2016.03.24-18.18.47:484][905]LogModuleManager: Shutting down and abandoning module MessageLog (73)
[2016.03.24-18.18.47:484][905]LogModuleManager: Shutting down and abandoning module Sequencer (72)
[2016.03.24-18.18.47:484][905]LogModuleManager: Shutting down and abandoning module AssetTools (71)
[2016.03.24-18.18.47:484][905]LogModuleManager: Shutting down and abandoning module UMGEditor (70)
[2016.03.24-18.18.47:484][905]LogModuleManager: Shutting down and abandoning module UMG (69)
[2016.03.24-18.18.47:484][905]LogModuleManager: Shutting down and abandoning module Slate (68)
[2016.03.24-18.18.47:484][905]LogModuleManager: Shutting down and abandoning module EditorStyle (67)
[2016.03.24-18.18.47:488][905]LogModuleManager: Shutting down and abandoning module SessionServices (66)
[2016.03.24-18.18.47:488][905]LogModuleManager: Shutting down and abandoning module SourceCodeAccess (65)
[2016.03.24-18.18.47:488][905]LogModuleManager: Shutting down and abandoning module HeadMountedDisplay (64)
[2016.03.24-18.18.47:488][905]LogModuleManager: Shutting down and abandoning module XAudio2 (63)
[2016.03.24-18.18.47:488][905]LogModuleManager: Shutting down and abandoning module Networking (61)
[2016.03.24-18.18.47:488][905]LogModuleManager: Shutting down and abandoning module Core (60)
[2016.03.24-18.18.47:489][905]LogModuleManager: Shutting down and abandoning module KismetCompiler (59)
[2016.03.24-18.18.47:489][905]LogModuleManager: Shutting down and abandoning module PhysXFormats (58)
[2016.03.24-18.18.47:489][905]LogModuleManager: Shutting down and abandoning module MeshUtilities (57)
[2016.03.24-18.18.47:489][905]LogModuleManager: Shutting down and abandoning module DerivedDataCache (56)
[2016.03.24-18.18.47:532][905]LogDerivedDataCache: Shutdown
[2016.03.24-18.18.47:532][905]LogModuleManager: Shutting down and abandoning module ShaderFormatOpenGL (55)
[2016.03.24-18.18.47:532][905]LogModuleManager: Shutting down and abandoning module ShaderFormatD3D (54)
[2016.03.24-18.18.47:532][905]LogModuleManager: Shutting down and abandoning module MetalShaderFormat (53)
[2016.03.24-18.18.47:532][905]LogModuleManager: Shutting down and abandoning module TextureFormatUncompressed (52)
[2016.03.24-18.18.47:532][905]LogModuleManager: Shutting down and abandoning module TextureFormatPVR (51)
[2016.03.24-18.18.47:532][905]LogModuleManager: Shutting down and abandoning module TextureFormatIntelISPCTexComp (50)
[2016.03.24-18.18.47:532][905]LogModuleManager: Shutting down and abandoning module TextureFormatDXT (49)
[2016.03.24-18.18.47:532][905]LogModuleManager: Shutting down and abandoning module ImageWrapper (48)
[2016.03.24-18.18.47:532][905]LogModuleManager: Shutting down and abandoning module TextureFormatASTC (47)
[2016.03.24-18.18.47:532][905]LogModuleManager: Shutting down and abandoning module TextureFormatAndroid (46)
[2016.03.24-18.18.47:532][905]LogModuleManager: Shutting down and abandoning module AudioFormatOpus (45)
[2016.03.24-18.18.47:532][905]LogModuleManager: Shutting down and abandoning module AudioFormatOgg (44)
[2016.03.24-18.18.47:532][905]LogModuleManager: Shutting down and abandoning module AudioFormatADPCM (43)
[2016.03.24-18.18.47:532][905]LogModuleManager: Shutting down and abandoning module LinuxTargetPlatform (42)
[2016.03.24-18.18.47:532][905]LogModuleManager: Shutting down and abandoning module LinuxServerTargetPlatform (41)
[2016.03.24-18.18.47:532][905]LogModuleManager: Shutting down and abandoning module LinuxNoEditorTargetPlatform (40)
[2016.03.24-18.18.47:532][905]LogModuleManager: Shutting down and abandoning module Messaging (39)
[2016.03.24-18.18.47:532][905]LogModuleManager: Shutting down and abandoning module IOSTargetPlatform (38)
[2016.03.24-18.18.47:532][905]LogModuleManager: Shutting down and abandoning module HTML5TargetPlatform (37)
[2016.03.24-18.18.47:532][905]LogModuleManager: Shutting down and abandoning module Android_PVRTCTargetPlatform (36)
[2016.03.24-18.18.47:532][905]LogModuleManager: Shutting down and abandoning module Android_MultiTargetPlatform (35)
[2016.03.24-18.18.47:532][905]LogModuleManager: Shutting down and abandoning module Android_ETC2TargetPlatform (34)
[2016.03.24-18.18.47:533][905]LogModuleManager: Shutting down and abandoning module Android_ETC1TargetPlatform (33)
[2016.03.24-18.18.47:533][905]LogModuleManager: Shutting down and abandoning module Android_DXTTargetPlatform (32)
[2016.03.24-18.18.47:533][905]LogModuleManager: Shutting down and abandoning module Android_ATCTargetPlatform (31)
[2016.03.24-18.18.47:533][905]LogModuleManager: Shutting down and abandoning module Android_ASTCTargetPlatform (30)
[2016.03.24-18.18.47:533][905]LogModuleManager: Shutting down and abandoning module AndroidTargetPlatform (29)
[2016.03.24-18.18.47:533][905]LogModuleManager: Shutting down and abandoning module WindowsTargetPlatform (28)
[2016.03.24-18.18.47:533][905]LogModuleManager: Shutting down and abandoning module WindowsServerTargetPlatform (27)
[2016.03.24-18.18.47:533][905]LogModuleManager: Shutting down and abandoning module WindowsNoEditorTargetPlatform (26)
[2016.03.24-18.18.47:533][905]LogModuleManager: Shutting down and abandoning module WindowsClientTargetPlatform (25)
[2016.03.24-18.18.47:533][905]LogModuleManager: Shutting down and abandoning module AllDesktopTargetPlatform (24)
[2016.03.24-18.18.47:533][905]LogModuleManager: Shutting down and abandoning module TargetPlatform (23)
[2016.03.24-18.18.47:533][905]LogModuleManager: Shutting down and abandoning module InputCore (22)
[2016.03.24-18.18.47:533][905]LogModuleManager: Shutting down and abandoning module Settings (21)
[2016.03.24-18.18.47:533][905]LogModuleManager: Shutting down and abandoning module OnlineSubsystem (19)
[2016.03.24-18.18.47:533][905]LogModuleManager: Shutting down and abandoning module HTTP (18)
[2016.03.24-18.18.49:537][905]LogModuleManager: Shutting down and abandoning module XMPP (17)
[2016.03.24-18.18.49:537][905]LogModuleManager: Shutting down and abandoning module OculusRift (16)
[2016.03.24-18.18.49:537][905]LogModuleManager: Shutting down and abandoning module ExampleDeviceProfileSelector (15)
[2016.03.24-18.18.49:537][905]LogModuleManager: Shutting down and abandoning module TextureCompressor (14)
[2016.03.24-18.18.49:537][905]LogModuleManager: Shutting down and abandoning module ShaderCore (13)
[2016.03.24-18.18.49:537][905]LogModuleManager: Shutting down and abandoning module Landscape (12)
[2016.03.24-18.18.49:537][905]LogModuleManager: Shutting down and abandoning module SlateRHIRenderer (11)
[2016.03.24-18.18.49:549][905]LogModuleManager: Shutting down and abandoning module OpenGLDrv (10)
[2016.03.24-18.18.49:549][905]LogModuleManager: Shutting down and abandoning module D3D11RHI (9)
[2016.03.24-18.18.49:549][905]LogModuleManager: Shutting down and abandoning module AnimGraphRuntime (8)
[2016.03.24-18.18.49:549][905]LogModuleManager: Shutting down and abandoning module Renderer (7)
[2016.03.24-18.18.49:549][905]LogModuleManager: Shutting down and abandoning module Engine (6)
[2016.03.24-18.18.49:549][905]LogModuleManager: Shutting down and abandoning module CoreUObject (5)
[2016.03.24-18.18.49:549][905]LogModuleManager: Shutting down and abandoning module NetworkFile (4)
[2016.03.24-18.18.49:549][905]LogModuleManager: Shutting down and abandoning module StreamingFile (3)
[2016.03.24-18.18.49:549][905]LogModuleManager: Shutting down and abandoning module SandboxFile (2)
[2016.03.24-18.18.49:549][905]LogModuleManager: Shutting down and abandoning module PakFile (1)
[2016.03.24-18.18.49:551][905]LogExit: Exiting.
[2016.03.24-18.18.49:572][905]Log file closed, 03/24/16 12:18:49
